<?xml version="1.0" encoding="UTF-8"?>
<testng-results ignored="0" total="1" passed="1" failed="0" skipped="0">
  <reporter-output>
  </reporter-output>
  <suite started-at="2026-08-22T13:51:12 IST" name="Default suite" finished-at="2026-08-22T13:51:20 IST" duration-ms="8181">
    <groups>
    </groups>
    <test started-at="2026-08-22T13:51:12 IST" name="Default test" finished-at="2026-08-22T13:51:20 IST" duration-ms="8181">
      <class name="com.example.selenium_automation.NaukariMe">
        <test-method is-config="true" signature="setUp()[pri:0, instance:com.example.selenium_automation.NaukariMe@57a3af25]" started-at="2026-08-22T13:51:12 IST" name="setUp" finished-at="2026-08-22T13:51:14 IST" duration-ms="1467" status="PASS">
          <reporter-output>
          </reporter-output>
        </test-method> <!-- setUp -->
        <test-method signature="openWebsite()[pri:0, instance:com.example.selenium_automation.NaukariMe@57a3af25]" started-at="2026-08-22T13:51:14 IST" name="openWebsite" finished-at="2026-08-22T13:51:20 IST" duration-ms="6351" status="PASS">
          <reporter-output>
          </reporter-output>
        </test-method> <!-- openWebsite -->
        <test-method is-config="true" signature="tearDown()[pri:0, instance:com.example.selenium_automation.NaukariMe@57a3af25]" started-at="2026-08-22T13:51:20 IST" name="tearDown" finished-at="2026-08-22T13:51:20 IST" duration-ms="335" status="PASS">
          <reporter-output>
          </reporter-output>
        </test-method> <!-- tearDown -->
      </class> <!-- com.example.selenium_automation.NaukariMe -->
    </test> <!-- Default test -->
  </suite> <!-- Default suite -->
</testng-results>
